<?xml version="1.0" encoding="UTF-8"?>
<!-- Generated by org.testng.reporters.JUnitReportReporter -->
<testsuite hostname="DESKTOP-4II4DM0" failures="0" tests="1" name="SeriExam_Data.CreateItems" time="3.705" errors="0" timestamp="2024-11-10T15:48:07 IST" skipped="0">
  <testcase classname="SeriExam_Data.CreateItems" name="CreateItemsTest" time="3.705"/>
</testsuite> <!-- SeriExam_Data.CreateItems -->
