<?xml version="1.0" encoding="UTF-8"?>
<!-- Generated by org.testng.reporters.JUnitReportReporter -->
<testsuite hostname="DESKTOP-4II4DM0" failures="0" tests="1" name="Deserialization.UserAPITest" time="7.010" errors="0" timestamp="2024-11-08T19:35:57 IST" skipped="0">
  <testcase classname="Deserialization.UserAPITest" name="CreateAPITest_withLombok" time="7.010"/>
</testsuite> <!-- Deserialization.UserAPITest -->
