<?xml version="1.0" encoding="UTF-8"?>
<!-- Generated by org.testng.reporters.JUnitReportReporter -->
<testsuite hostname="DESKTOP-4II4DM0" failures="0" tests="1" name="JsonPath.FakeStoreAPI" time="4.091" errors="0" timestamp="2024-11-10T08:58:17 IST" skipped="0">
  <testcase classname="JsonPath.FakeStoreAPI" name="fetchUserData" time="4.091"/>
</testsuite> <!-- JsonPath.FakeStoreAPI -->
