<?xml version="1.0" encoding="UTF-8"?>
<!-- Generated by org.testng.reporters.JUnitReportReporter -->
<testsuite hostname="DESKTOP-4II4DM0" failures="0" tests="3" name="UpdateUser.CreateUserTest" time="6.041" errors="0" timestamp="2024-11-07T23:35:32 IST" skipped="0">
  <testcase classname="UpdateUser.CreateUserTest" name="getUserTest_lombok" time="1.035"/>
  <testcase classname="UpdateUser.CreateUserTest" name="creteuUserwith_lombok" time="4.223"/>
  <testcase classname="UpdateUser.CreateUserTest" name="UpdateUserTest_lombok" time="0.783"/>
</testsuite> <!-- UpdateUser.CreateUserTest -->
