<?xml version="1.0" encoding="UTF-8"?>
<!-- Generated by org.testng.reporters.JUnitReportReporter -->
<testsuite hostname="DESKTOP-4II4DM0" failures="0" tests="1" name="fakeUserAPI.CreateFakeUserTest" time="3.538" errors="0" timestamp="2024-11-08T12:52:55 IST" skipped="0">
  <testcase classname="fakeUserAPI.CreateFakeUserTest" name="createUserTest" time="3.538"/>
</testsuite> <!-- fakeUserAPI.CreateFakeUserTest -->
