<?xml version="1.0" encoding="UTF-8"?>
<!-- Generated by org.testng.reporters.JUnitReportReporter -->
<testsuite hostname="DESKTOP-4II4DM0" failures="0" tests="1" name="ReqResGet_LombokAPI.getUserTest" time="4.195" errors="0" timestamp="2024-11-08T15:18:42 IST" skipped="0">
  <testcase classname="ReqResGet_LombokAPI.getUserTest" name="getUserDataTest" time="4.195"/>
</testsuite> <!-- ReqResGet_LombokAPI.getUserTest -->
