<?xml version="1.0" encoding="UTF-8"?>
<!-- Generated by org.testng.reporters.JUnitReportReporter -->
<testsuite hostname="DESKTOP-4II4DM0" failures="0" tests="1" name="SeriExam2_Data.CreateItemsTest" time="3.995" errors="0" timestamp="2024-11-10T15:52:55 IST" skipped="0">
  <testcase classname="SeriExam2_Data.CreateItemsTest" name="createItemsTest" time="3.995"/>
</testsuite> <!-- SeriExam2_Data.CreateItemsTest -->
