<?xml version="1.0" encoding="UTF-8"?>
<!-- Generated by org.testng.reporters.JUnitReportReporter -->
<testsuite hostname="DESKTOP-4II4DM0" failures="0" tests="1" name="JsonPath.GorestAPI" time="5.511" errors="0" timestamp="2024-11-10T08:01:19 IST" skipped="0">
  <testcase classname="JsonPath.GorestAPI" name="fetchUserData" time="5.511"/>
</testsuite> <!-- JsonPath.GorestAPI -->
